This is pdfTeX, Version 3.1415926-2.4-1.40.13 (TeX Live 2012/Debian) (format=pdflatex 2013.2.12)  24 APR 2013 15:23
entering extended mode
 restricted \write18 enabled.
 %&-line parsing enabled.
**main.tex
(./main.tex
LaTeX2e <2011/06/27>
Babel <v3.8m> and hyphenation patterns for english, dumylang, nohyphenation, lo
aded.
(/usr/share/texlive/texmf-dist/tex/latex/koma-script/scrreprt.cls
Document Class: scrreprt 2012/05/15 v3.11 KOMA-Script document class (report)
(/usr/share/texlive/texmf-dist/tex/latex/koma-script/scrkbase.sty
Package: scrkbase 2012/05/15 v3.11 KOMA-Script package (KOMA-Script-dependent b
asics and keyval usage)

(/usr/share/texlive/texmf-dist/tex/latex/koma-script/scrbase.sty
Package: scrbase 2012/05/15 v3.11 KOMA-Script package (KOMA-Script-independent 
basics and keyval usage)

(/usr/share/texlive/texmf-dist/tex/latex/graphics/keyval.sty
Package: keyval 1999/03/16 v1.13 key=value parser (DPC)
\KV@toks@=\toks14
)
(/usr/share/texlive/texmf-dist/tex/latex/koma-script/scrlfile.sty
Package: scrlfile 2011/03/09 v3.09 KOMA-Script package (loading files)

Package scrlfile, 2011/03/09 v3.09 KOMA-Script package (loading files)
                  Copyright (C) Markus Kohm

))) (/usr/share/texlive/texmf-dist/tex/latex/koma-script/tocbasic.sty
Package: tocbasic 2012/04/04 v3.10b KOMA-Script package (handling toc-files)
)
Package tocbasic Info: omitting babel extension for `toc'
(tocbasic)             because of feature `nobabel' available
(tocbasic)             for `toc' on input line 117.
Package tocbasic Info: omitting babel extension for `lof'
(tocbasic)             because of feature `nobabel' available
(tocbasic)             for `lof' on input line 118.
Package tocbasic Info: omitting babel extension for `lot'
(tocbasic)             because of feature `nobabel' available
(tocbasic)             for `lot' on input line 119.
Package scrreprt Info: You've used obsolete option `12pt'.
(scrreprt)             \KOMAExecuteOptions{fontsize=12pt} will be
(scrreprt)             used instead.
(scrreprt)             You may simply replace `12pt'
(scrreprt)             by `fontsize=12pt'.

(/usr/share/texlive/texmf-dist/tex/latex/base/fleqn.clo
File: fleqn.clo 1998/08/17 v1.1c Standard LaTeX option (flush left equations)
\mathindent=\dimen102
)
Class scrreprt Info: File `scrsize12pt.clo' used to setup font sizes on input l
ine 1365.

(/usr/share/texlive/texmf-dist/tex/latex/koma-script/scrsize12pt.clo
File: scrsize12pt.clo 2012/05/15 v3.11 KOMA-Script font size class option (12pt
)
)
(/usr/share/texlive/texmf-dist/tex/latex/koma-script/typearea.sty
Package: typearea 2012/05/15 v3.11 KOMA-Script package (type area)

Package typearea, 2012/05/15 v3.11 KOMA-Script package (type area)
                  Copyright (C) Frank Neukam, 1992-1994
                  Copyright (C) Markus Kohm, 1994-

\ta@bcor=\skip41
\ta@div=\count79
Package typearea Info: You've used standard option `a4paper'.
(typearea)             This is correct!
(typearea)             Internally I'm using `paper=a4'.
(typearea)             If you'd like to set the option with \KOMAoptions,
(typearea)             you'd have to use `paper=a4' there
(typearea)             instead of `a4paper', too.
\ta@hblk=\skip42
\ta@vblk=\skip43
\ta@temp=\skip44
Package typearea Info: These are the values describing the layout:
(typearea)             DIV  = 12
(typearea)             BCOR = 0.0pt
(typearea)             \paperwidth      = 597.50793pt
(typearea)              \textwidth      = 448.13095pt
(typearea)              DIV departure   = -6%
(typearea)              \evensidemargin = 27.31467pt
(typearea)              \oddsidemargin  = -22.47766pt
(typearea)             \paperheight     = 845.04694pt
(typearea)              \textheight     = 635.5pt
(typearea)              \topmargin      = -41.72441pt
(typearea)              \headheight     = 18.125pt
(typearea)              \headsep        = 21.75pt
(typearea)              \topskip        = 12.0pt
(typearea)              \footskip       = 50.75pt
(typearea)              \baselineskip   = 14.5pt
(typearea)              on input line 1211.
)
\c@part=\count80
\c@chapter=\count81
\c@section=\count82
\c@subsection=\count83
\c@subsubsection=\count84
\c@paragraph=\count85
\c@subparagraph=\count86
\abovecaptionskip=\skip45
\belowcaptionskip=\skip46
\c@pti@nb@sid@b@x=\box26
\c@figure=\count87
\c@table=\count88
\bibindent=\dimen103
) (/usr/share/texlive/texmf-dist/tex/generic/babel/babel.sty
Package: babel 2008/07/08 v3.8m The Babel package

(/usr/share/texlive/texmf-dist/tex/generic/babel/english.ldf
Language: english 2005/03/30 v3.3o English support from the babel system

(/usr/share/texlive/texmf-dist/tex/generic/babel/babel.def
File: babel.def 2008/07/08 v3.8m Babel common definitions
\babel@savecnt=\count89
\U@D=\dimen104
)
\l@british = a dialect from \language\l@english 
\l@UKenglish = a dialect from \language\l@english 
\l@canadian = a dialect from \language\l@american 
\l@australian = a dialect from \language\l@british 
\l@newzealand = a dialect from \language\l@british 
))
(/usr/share/texlive/texmf-dist/tex/latex/base/inputenc.sty
Package: inputenc 2008/03/30 v1.1d Input encoding file
\inpenc@prehook=\toks15
\inpenc@posthook=\toks16

(/usr/share/texlive/texmf-dist/tex/latex/base/latin1.def
File: latin1.def 2008/03/30 v1.1d Input encoding file
))
(/usr/share/texlive/texmf-dist/tex/latex/base/fontenc.sty
Package: fontenc 2005/09/27 v1.99g Standard LaTeX package

(/usr/share/texlive/texmf-dist/tex/latex/base/t1enc.def
File: t1enc.def 2005/09/27 v1.99g Standard LaTeX file
LaTeX Font Info:    Redeclaring font encoding T1 on input line 43.
))
(/usr/share/texlive/texmf-dist/tex/latex/amsmath/amsmath.sty
Package: amsmath 2000/07/18 v2.13 AMS math features
\@mathmargin=\skip47

For additional information on amsmath, use the `?' option.
(/usr/share/texlive/texmf-dist/tex/latex/amsmath/amstext.sty
Package: amstext 2000/06/29 v2.01

(/usr/share/texlive/texmf-dist/tex/latex/amsmath/amsgen.sty
File: amsgen.sty 1999/11/30 v2.0
\@emptytoks=\toks17
\ex@=\dimen105
))
(/usr/share/texlive/texmf-dist/tex/latex/amsmath/amsbsy.sty
Package: amsbsy 1999/11/29 v1.2d
\pmbraise@=\dimen106
)
(/usr/share/texlive/texmf-dist/tex/latex/amsmath/amsopn.sty
Package: amsopn 1999/12/14 v2.01 operator names
)
\inf@bad=\count90
LaTeX Info: Redefining \frac on input line 211.
\uproot@=\count91
\leftroot@=\count92
LaTeX Info: Redefining \overline on input line 307.
\classnum@=\count93
\DOTSCASE@=\count94
LaTeX Info: Redefining \ldots on input line 379.
LaTeX Info: Redefining \dots on input line 382.
LaTeX Info: Redefining \cdots on input line 467.
\Mathstrutbox@=\box27
\strutbox@=\box28
\big@size=\dimen107
LaTeX Font Info:    Redeclaring font encoding OML on input line 567.
LaTeX Font Info:    Redeclaring font encoding OMS on input line 568.
\macc@depth=\count95
\c@MaxMatrixCols=\count96
\dotsspace@=\muskip10
\c@parentequation=\count97
\dspbrk@lvl=\count98
\tag@help=\toks18
\row@=\count99
\column@=\count100
\maxfields@=\count101
\andhelp@=\toks19
\eqnshift@=\dimen108
\alignsep@=\dimen109
\tagshift@=\dimen110
\tagwidth@=\dimen111
\totwidth@=\dimen112
\lineht@=\dimen113
\@envbody=\toks20
\multlinegap=\skip48
\multlinetaggap=\skip49
\mathdisplay@stack=\toks21
LaTeX Info: Redefining \[ on input line 2666.
LaTeX Info: Redefining \] on input line 2667.
)
(/usr/share/texlive/texmf-dist/tex/latex/amscls/amsthm.sty
Package: amsthm 2009/07/02 v2.20.1
\thm@style=\toks22
\thm@bodyfont=\toks23
\thm@headfont=\toks24
\thm@notefont=\toks25
\thm@headpunct=\toks26
\thm@preskip=\skip50
\thm@postskip=\skip51
\thm@headsep=\skip52
\dth@everypar=\toks27
)
(/usr/share/texlive/texmf-dist/tex/latex/amsfonts/amssymb.sty
Package: amssymb 2009/06/22 v3.00

(/usr/share/texlive/texmf-dist/tex/latex/amsfonts/amsfonts.sty
Package: amsfonts 2009/06/22 v3.00 Basic AMSFonts support
\symAMSa=\mathgroup4
\symAMSb=\mathgroup5
LaTeX Font Info:    Overwriting math alphabet `\mathfrak' in version `bold'
(Font)                  U/euf/m/n --> U/euf/b/n on input line 96.
))
(/usr/share/texlive/texmf-dist/tex/latex/subfig/subfig.sty
Package: subfig 2005/06/28 ver: 1.3 subfig package

(/usr/share/texlive/texmf-dist/tex/latex/caption/caption.sty
Package: caption 2012/02/19 v3.2f Customizing captions (AR)

(/usr/share/texlive/texmf-dist/tex/latex/caption/caption3.sty
Package: caption3 2012/01/12 v1.4b caption3 kernel (AR)
\captionmargin=\dimen114
\captionmargin@=\dimen115
\captionwidth=\dimen116
\caption@indent=\dimen117
\caption@parindent=\dimen118
\caption@hangindent=\dimen119
)
Package caption Info: KOMA-Script document class.
\c@ContinuedFloat=\count102
)
\c@KVtest=\count103
\sf@farskip=\skip53
\sf@captopadj=\dimen120
\sf@capskip=\skip54
\sf@nearskip=\skip55
\c@subfigure=\count104
\c@subfigure@save=\count105
\c@lofdepth=\count106
\c@subtable=\count107
\c@subtable@save=\count108
\c@lotdepth=\count109
\sf@top=\skip56
\sf@bottom=\skip57
)
(/usr/share/texlive/texmf-dist/tex/latex/tools/array.sty
Package: array 2008/09/09 v2.4c Tabular extension package (FMi)
\col@sep=\dimen121
\extrarowheight=\dimen122
\NC@list=\toks28
\extratabsurround=\skip58
\backup@length=\skip59
)
(/usr/share/texlive/texmf-dist/tex/latex/graphics/graphicx.sty
Package: graphicx 1999/02/16 v1.0f Enhanced LaTeX Graphics (DPC,SPQR)

(/usr/share/texlive/texmf-dist/tex/latex/graphics/graphics.sty
Package: graphics 2009/02/05 v1.0o Standard LaTeX Graphics (DPC,SPQR)

(/usr/share/texlive/texmf-dist/tex/latex/graphics/trig.sty
Package: trig 1999/03/16 v1.09 sin cos tan (DPC)
)
(/usr/share/texlive/texmf-dist/tex/latex/latexconfig/graphics.cfg
File: graphics.cfg 2010/04/23 v1.9 graphics configuration of TeX Live
)
Package graphics Info: Driver file: pdftex.def on input line 91.

(/usr/share/texlive/texmf-dist/tex/latex/pdftex-def/pdftex.def
File: pdftex.def 2011/05/27 v0.06d Graphics/color for pdfTeX

(/usr/share/texlive/texmf-dist/tex/generic/oberdiek/infwarerr.sty
Package: infwarerr 2010/04/08 v1.3 Providing info/warning/error messages (HO)
)
(/usr/share/texlive/texmf-dist/tex/generic/oberdiek/ltxcmds.sty
Package: ltxcmds 2011/11/09 v1.22 LaTeX kernel commands for general use (HO)
)
\Gread@gobject=\count110
))
\Gin@req@height=\dimen123
\Gin@req@width=\dimen124
)
(/usr/share/texlive/texmf-dist/tex/latex/fancyhdr/fancyhdr.sty
\fancy@headwidth=\skip60
\f@ncyO@elh=\skip61
\f@ncyO@erh=\skip62
\f@ncyO@olh=\skip63
\f@ncyO@orh=\skip64
\f@ncyO@elf=\skip65
\f@ncyO@erf=\skip66
\f@ncyO@olf=\skip67
\f@ncyO@orf=\skip68
)
(/usr/share/texlive/texmf-dist/tex/latex/natbib/natbib.sty
Package: natbib 2010/09/13 8.31b (PWD, AO)
\bibhang=\skip69
\bibsep=\skip70
LaTeX Info: Redefining \cite on input line 694.
\c@NAT@ctr=\count111
) (./main.aux)
\openout1 = `main.aux'.

LaTeX Font Info:    Checking defaults for OML/cmm/m/it on input line 33.
LaTeX Font Info:    ... okay on input line 33.
LaTeX Font Info:    Checking defaults for T1/cmr/m/n on input line 33.
LaTeX Font Info:    ... okay on input line 33.
LaTeX Font Info:    Checking defaults for OT1/cmr/m/n on input line 33.
LaTeX Font Info:    ... okay on input line 33.
LaTeX Font Info:    Checking defaults for OMS/cmsy/m/n on input line 33.
LaTeX Font Info:    ... okay on input line 33.
LaTeX Font Info:    Checking defaults for OMX/cmex/m/n on input line 33.
LaTeX Font Info:    ... okay on input line 33.
LaTeX Font Info:    Checking defaults for U/cmr/m/n on input line 33.
LaTeX Font Info:    ... okay on input line 33.
Package caption Info: Begin \AtBeginDocument code.
Package caption Info: subfig package v1.3 is loaded.
Package caption Info: End \AtBeginDocument code.

(/usr/share/texlive/texmf-dist/tex/context/base/supp-pdf.mkii
[Loading MPS to PDF converter (version 2006.09.02).]
\scratchcounter=\count112
\scratchdimen=\dimen125
\scratchbox=\box29
\nofMPsegments=\count113
\nofMParguments=\count114
\everyMPshowfont=\toks29
\MPscratchCnt=\count115
\MPscratchDim=\dimen126
\MPnumerator=\count116
\makeMPintoPDFobject=\count117
\everyMPtoPDFconversion=\toks30
) (/usr/share/texlive/texmf-dist/tex/generic/oberdiek/pdftexcmds.sty
Package: pdftexcmds 2011/11/29 v0.20 Utility functions of pdfTeX for LuaTeX (HO
)

(/usr/share/texlive/texmf-dist/tex/generic/oberdiek/ifluatex.sty
Package: ifluatex 2010/03/01 v1.3 Provides the ifluatex switch (HO)
Package ifluatex Info: LuaTeX not detected.
)
(/usr/share/texlive/texmf-dist/tex/generic/oberdiek/ifpdf.sty
Package: ifpdf 2011/01/30 v2.3 Provides the ifpdf switch (HO)
Package ifpdf Info: pdfTeX in PDF mode is detected.
)
Package pdftexcmds Info: LuaTeX not detected.
Package pdftexcmds Info: \pdf@primitive is available.
Package pdftexcmds Info: \pdf@ifprimitive is available.
Package pdftexcmds Info: \pdfdraftmode found.
)
(/usr/share/texlive/texmf-dist/tex/latex/oberdiek/epstopdf-base.sty
Package: epstopdf-base 2010/02/09 v2.5 Base part for package epstopdf

(/usr/share/texlive/texmf-dist/tex/latex/oberdiek/grfext.sty
Package: grfext 2010/08/19 v1.1 Manage graphics extensions (HO)

(/usr/share/texlive/texmf-dist/tex/generic/oberdiek/kvdefinekeys.sty
Package: kvdefinekeys 2011/04/07 v1.3 Define keys (HO)
))
(/usr/share/texlive/texmf-dist/tex/latex/oberdiek/kvoptions.sty
Package: kvoptions 2011/06/30 v3.11 Key value format for package options (HO)

(/usr/share/texlive/texmf-dist/tex/generic/oberdiek/kvsetkeys.sty
Package: kvsetkeys 2012/04/25 v1.16 Key value parser (HO)

(/usr/share/texlive/texmf-dist/tex/generic/oberdiek/etexcmds.sty
Package: etexcmds 2011/02/16 v1.5 Avoid name clashes with e-TeX commands (HO)
Package etexcmds Info: Could not find \expanded.
(etexcmds)             That can mean that you are not using pdfTeX 1.50 or
(etexcmds)             that some package has redefined \expanded.
(etexcmds)             In the latter case, load this package earlier.
)))
Package grfext Info: Graphics extension search list:
(grfext)             [.png,.pdf,.jpg,.mps,.jpeg,.jbig2,.jb2,.PNG,.PDF,.JPG,.JPE
G,.JBIG2,.JB2,.eps]
(grfext)             \AppendGraphicsExtensions on input line 452.

(/usr/share/texlive/texmf-dist/tex/latex/latexconfig/epstopdf-sys.cfg
File: epstopdf-sys.cfg 2010/07/13 v1.3 Configuration of (r)epstopdf for TeX Liv
e
))
LaTeX Font Info:    Try loading font information for T1+cmss on input line 36.

(/usr/share/texlive/texmf-dist/tex/latex/base/t1cmss.fd
File: t1cmss.fd 1999/05/25 v2.5h Standard LaTeX font definitions
) (./main.toc
LaTeX Font Info:    Try loading font information for U+msa on input line 4.

(/usr/share/texlive/texmf-dist/tex/latex/amsfonts/umsa.fd
File: umsa.fd 2009/06/22 v3.00 AMS symbols A
)
LaTeX Font Info:    Try loading font information for U+msb on input line 4.

(/usr/share/texlive/texmf-dist/tex/latex/amsfonts/umsb.fd
File: umsb.fd 2009/06/22 v3.00 AMS symbols B
) [1


{/var/lib/texmf/fonts/map/pdftex/updmap/pdftex.map}])
\tf@toc=\write3
\openout3 = `main.toc'.

 (./Kapitel1.tex [2]
Chapter 1.

Underfull \hbox (badness 10000) in paragraph at lines 2--6

 []


Underfull \hbox (badness 10000) in paragraph at lines 7--8

 []

) (./Kapitel2.tex [3

]
Chapter 2.
[4

] [5] [6]
<pictures/advancedSettingsGui.png, id=31, 492.33937pt x 148.30406pt>
File: pictures/advancedSettingsGui.png Graphic file (type png)

<use pictures/advancedSettingsGui.png>
Package pdftex.def Info: pictures/advancedSettingsGui.png used on input line 63
.
(pdftex.def)             Requested size: 217.34378pt x 65.46895pt.

<pictures/basicSettingsGui1.png, id=32, 494.59781pt x 146.04562pt>
File: pictures/basicSettingsGui1.png Graphic file (type png)

<use pictures/basicSettingsGui1.png>
Package pdftex.def Info: pictures/basicSettingsGui1.png used on input line 64.
(pdftex.def)             Requested size: 217.34378pt x 64.1778pt.

<pictures/InputWidget.png, id=33, 347.79938pt x 498.36188pt>
File: pictures/InputWidget.png Graphic file (type png)

<use pictures/InputWidget.png>
Package pdftex.def Info: pictures/InputWidget.png used on input line 72.
(pdftex.def)             Requested size: 177.01363pt x 253.64409pt.

<pictures/ResultWidget.png, id=35, 497.60907pt x 498.36188pt>
File: pictures/ResultWidget.png Graphic file (type png)

<use pictures/ResultWidget.png>
Package pdftex.def Info: pictures/ResultWidget.png used on input line 73.
(pdftex.def)             Requested size: 257.67392pt x 258.06984pt.
) (./Kapitel3.tex [7] [8 <./pictures/advancedSettingsGui.png> <./pictures/basic
SettingsGui1.png> <./pictures/InputWidget.png> <./pictures/ResultWidget.png>]
Chapter 3.
[9

]) (./Kapitel5.tex
Overfull \hbox (77.9183pt too wide) in paragraph at lines 59--1
\T1/cmr/m/n/12 "Image set CBS001RGM-CBS010RGM from the Colo-cal-iza-tion Bench-
mark Source (www.colocalization-
 []

[10]
Chapter 4.
) (./Kapitel6.tex [11

]
Chapter 5.
[12

]) (./Kapitel7.tex [13]
Chapter 6.
[14

]
Underfull \hbox (badness 10000) in paragraph at lines 66--71

 []


Underfull \hbox (badness 10000) in paragraph at lines 72--73

 []


Underfull \hbox (badness 10000) in paragraph at lines 74--75

 []

[15]
<pictures/Pos2_2_red2-2frame2475Color.png, id=71, 20.88603pt x 23.27094pt>
File: pictures/Pos2_2_red2-2frame2475Color.png Graphic file (type png)

<use pictures/Pos2_2_red2-2frame2475Color.png>
Package pdftex.def Info: pictures/Pos2_2_red2-2frame2475Color.png used on input
 line 80.
(pdftex.def)             Requested size: 394.35742pt x 439.61845pt.

<pictures/anscombe.png, id=72, 578.16pt x 433.62pt>
File: pictures/anscombe.png Graphic file (type png)

<use pictures/anscombe.png>
Package pdftex.def Info: pictures/anscombe.png used on input line 121.
(pdftex.def)             Requested size: 224.06548pt x 168.04585pt.
 [16] [17 <./pictures/Pos2_2_red2-2frame2475Color.png>]) (./Kapitel8.tex [18 <.
/pictures/anscombe.png>]
Chapter 7.
[19

]
<pictures/bundledTubesHighDensityFrameFarbig.png, id=88, 442.2924pt x 442.2924p
t>
File: pictures/bundledTubesHighDensityFrameFarbig.png Graphic file (type png)
 <use pictures/bundledTubesHighDensityFrameFarbig.png>
Package pdftex.def Info: pictures/bundledTubesHighDensityFrameFarbig.png used o
n input line 44.
(pdftex.def)             Requested size: 130.4076pt x 130.40764pt.

<pictures/bundledTubesLowDensityFrameFarbig.png, id=89, 442.2924pt x 442.2924pt
>
File: pictures/bundledTubesLowDensityFrameFarbig.png Graphic file (type png)
 <use pictures/bundledTubesLowDensityFrameFarbig.png>
Package pdftex.def Info: pictures/bundledTubesLowDensityFrameFarbig.png used on
 input line 45.
(pdftex.def)             Requested size: 130.4076pt x 130.40764pt.

<pictures/maximumProjectionBundledTubesLSFarbig.png, id=90, 442.2924pt x 442.29
24pt>
File: pictures/maximumProjectionBundledTubesLSFarbig.png Graphic file (type png
)
 <use pictures/maximumProjectionBundledTubesLSFarbig.png>
Package pdftex.def Info: pictures/maximumProjectionBundledTubesLSFarbig.png use
d on input line 51.
(pdftex.def)             Requested size: 130.13866pt x 130.13768pt.
 [20]
<pictures/Tubulin2Frame10.png, id=94, 442.2924pt x 442.2924pt>
File: pictures/Tubulin2Frame10.png Graphic file (type png)

<use pictures/Tubulin2Frame10.png>
Package pdftex.def Info: pictures/Tubulin2Frame10.png used on input line 64.
(pdftex.def)             Requested size: 217.34378pt x 217.34605pt.

<pictures/Tubulin2Frame1010.png, id=95, 442.2924pt x 442.2924pt>
File: pictures/Tubulin2Frame1010.png Graphic file (type png)

<use pictures/Tubulin2Frame1010.png>
Package pdftex.def Info: pictures/Tubulin2Frame1010.png used on input line 65.
(pdftex.def)             Requested size: 217.34378pt x 217.34605pt.

<pictures/maximumProjectionTubulinFarbig.png, id=96, 442.2924pt x 442.2924pt>
File: pictures/maximumProjectionTubulinFarbig.png Graphic file (type png)

<use pictures/maximumProjectionTubulinFarbig.png>
Package pdftex.def Info: pictures/maximumProjectionTubulinFarbig.png used on in
put line 72.
(pdftex.def)             Requested size: 394.35742pt x 394.36113pt.
) (./Kapitel9.tex [21 <./pictures/bundledTubesHighDensityFrameFarbig.png> <./pi
ctures/bundledTubesLowDensityFrameFarbig.png> <./pictures/maximumProjectionBund
ledTubesLSFarbig.png>]
[22 <./pictures/Tubulin2Frame10.png> <./pictures/Tubulin2Frame1010.png>]
[23 <./pictures/maximumProjectionTubulinFarbig.png>]
Chapter 8.
<pictures/meanVariancePlotCalibration.png, id=112, 578.16pt x 433.62pt>
File: pictures/meanVariancePlotCalibration.png Graphic file (type png)

<use pictures/meanVariancePlotCalibration.png>
Package pdftex.def Info: pictures/meanVariancePlotCalibration.png used on input
 line 6.
(pdftex.def)             Requested size: 394.35742pt x 295.76416pt.

<pictures/IsItPoisson105_105.png, id=113, 578.16pt x 433.62pt>
File: pictures/IsItPoisson105_105.png Graphic file (type png)

<use pictures/IsItPoisson105_105.png>
Package pdftex.def Info: pictures/IsItPoisson105_105.png used on input line 14.

(pdftex.def)             Requested size: 217.34378pt x 163.00409pt.

<pictures/IsItPoisson50_50.png, id=114, 578.16pt x 433.62pt>
File: pictures/IsItPoisson50_50.png Graphic file (type png)

<use pictures/IsItPoisson50_50.png>
Package pdftex.def Info: pictures/IsItPoisson50_50.png used on input line 15.
(pdftex.def)             Requested size: 217.34378pt x 163.00409pt.

<pictures/anscombeAndFit.png, id=115, 578.16pt x 433.62pt>
File: pictures/anscombeAndFit.png Graphic file (type png)

<use pictures/anscombeAndFit.png>
Package pdftex.def Info: pictures/anscombeAndFit.png used on input line 23.
(pdftex.def)             Requested size: 394.35742pt x 295.76416pt.

Underfull \hbox (badness 10000) in paragraph at lines 29--37

 []


Underfull \hbox (badness 10000) in paragraph at lines 38--39

 []

[24

] [25 <./pictures/meanVariancePlotCalibration.png> <./pictures/IsItPoisson105_1
05.png> <./pictures/IsItPoisson50_50.png>] [26 <./pictures/anscombeAndFit.png>]

Underfull \hbox (badness 10000) in paragraph at lines 43--45

 []

<pictures/AccuracyTest.png, id=130, 578.16pt x 433.62pt>
File: pictures/AccuracyTest.png Graphic file (type png)

<use pictures/AccuracyTest.png>
Package pdftex.def Info: pictures/AccuracyTest.png used on input line 51.
(pdftex.def)             Requested size: 394.35742pt x 295.76416pt.
) (./verischerung.tex [27] [28 <./pictures/AccuracyTest.png>])
Underfull \hbox (badness 10000) in paragraph at lines 2--49

 []


Underfull \hbox (badness 10000) in paragraph at lines 2--49

 []


Underfull \hbox (badness 10000) in paragraph at lines 2--49

 []


Underfull \hbox (badness 10000) in paragraph at lines 2--49

 []


Underfull \hbox (badness 10000) in paragraph at lines 2--49

 []


Underfull \hbox (badness 10000) in paragraph at lines 2--49

 []


Underfull \hbox (badness 10000) in paragraph at lines 2--49

 []


Underfull \hbox (badness 10000) in paragraph at lines 2--49

 []


Underfull \hbox (badness 10000) in paragraph at lines 2--49

 []

(./main.bbl [29]
LaTeX Font Info:    Try loading font information for T1+cmtt on input line 30.
 (/usr/share/texlive/texmf-dist/tex/latex/base/t1cmtt.fd
File: t1cmtt.fd 1999/05/25 v2.5h Standard LaTeX font definitions
)
Underfull \hbox (badness 1052) in paragraph at lines 28--33
[]\T1/cmr/m/n/12 Biomedical Imag-ing Group, Switzer-land, EPFL (2013), ``Lo-cal
-iza-tion mi-croscopy
 []


Underfull \hbox (badness 2351) in paragraph at lines 44--51
[]\T1/cmr/m/n/12 Heilemann, Mike, Se-bas-tian van de Linde, Mark Schüttpelz, Ro
bert Kasper,
 []


Underfull \hbox (badness 4096) in paragraph at lines 44--51
\T1/cmr/m/n/12 Britta Seefeldt, Anin-dita Mukher-jee, Philip Tin-nefeld, and Ma
rkus Sauer
 []


Underfull \hbox (badness 1127) in paragraph at lines 44--51
\T1/cmr/m/n/12 cent probes.'' \T1/cmr/m/it/12 Ange-wandte Chemie In-ter-na-tion
al Edi-tion\T1/cmr/m/n/12 , 47, 6172--6176, URL
 []


Underfull \hbox (badness 10000) in paragraph at lines 59--63
[]\T1/cmr/m/n/12 Köthe, Ull-rich (2011), ``The vi-gra com-puter vi-sion li-brar
y.'' URL
 []

) [30

] (./main.aux) ) 
Here is how much of TeX's memory you used:
 6124 strings out of 495059
 91227 string characters out of 3182030
 171032 words of memory out of 3000000
 9139 multiletter control sequences out of 15000+200000
 17114 words of font info for 46 fonts, out of 3000000 for 9000
 14 hyphenation exceptions out of 8191
 50i,13n,54p,1064b,410s stack positions out of 5000i,500n,10000p,200000b,50000s
 </home/herrmannsdoerfer/.texmf-var/fonts/pk/ljfour/jknappen/ec
/ectt1200.600pk> </home/herrmannsdoerfer/.texmf-var/fonts/pk/ljfour/jknappen/ec
/ecti1200.600pk> </home/herrmannsdoerfer/.texmf-var/fonts/pk/ljfour/jknappen/ec
/ecrm0800.600pk> </home/herrmannsdoerfer/.texmf-var/fonts/pk/ljfour/jknappen/ec
/ecrm1000.600pk> </home/herrmannsdoerfer/.texmf-var/fonts/pk/ljfour/jknappen/ec
/ecsx1440.600pk> </home/herrmannsdoerfer/.texmf-var/fonts/pk/ljfour/jknappen/ec
/ecsx1728.600pk> </home/herrmannsdoerfer/.texmf-var/fonts/pk/ljfour/jknappen/ec
/ecrm1200.600pk> </home/herrmannsdoerfer/.texmf-var/fonts/pk/ljfour/jknappen/ec
/ecsx1200.600pk> </home/herrmannsdoerfer/.texmf-var/fonts/pk/ljfour/jknappen/ec
/ecsx2488.600pk></usr/share/texlive/texmf-dist/fonts/type1/public/amsfonts/cm/c
mbx12.pfb></usr/share/texlive/texmf-dist/fonts/type1/public/amsfonts/cm/cmbx6.p
fb></usr/share/texlive/texmf-dist/fonts/type1/public/amsfonts/cm/cmex10.pfb></u
sr/share/texlive/texmf-dist/fonts/type1/public/amsfonts/cm/cmmi12.pfb></usr/sha
re/texlive/texmf-dist/fonts/type1/public/amsfonts/cm/cmmi8.pfb></usr/share/texl
ive/texmf-dist/fonts/type1/public/amsfonts/cm/cmr12.pfb></usr/share/texlive/tex
mf-dist/fonts/type1/public/amsfonts/cm/cmr8.pfb></usr/share/texlive/texmf-dist/
fonts/type1/public/amsfonts/cm/cmsy10.pfb></usr/share/texlive/texmf-dist/fonts/
type1/public/amsfonts/cm/cmsy8.pfb>
Output written on main.pdf (30 pages, 1049017 bytes).
PDF statistics:
 588 PDF objects out of 1000 (max. 8388607)
 131 compressed objects within 2 object streams
 0 named destinations out of 1000 (max. 500000)
 86 words of extra memory for PDF output out of 10000 (max. 10000000)

